<?xml version="1.0" encoding="UTF-8"?>
<!-- Generated by org.testng.reporters.JUnitReportReporter -->
<testsuite skipped="0" hostname="LAPTOP-IUU0QH56" name="com.sw.ui.Starwars.StarwarsHomePageValidationTest" tests="1" failures="0" timestamp="30 Jan 2019 06:14:14 GMT" time="19.466" errors="0">
  <testcase name="validateSearchFieldTest" time="19.466" classname="com.sw.ui.Starwars.StarwarsHomePageValidationTest"/>
</testsuite> <!-- com.sw.ui.Starwars.StarwarsHomePageValidationTest -->
